<?xml version="1.0" encoding="UTF-8"?>
<testsuite name="domain.Repositories.AngajatRepoTest" tests="5" skipped="0" failures="0" errors="0" timestamp="2020-03-21T22:43:02" hostname="Marians-MacBook-Air.local" time="0.002">
  <properties/>
  <testcase name="delete" classname="domain.Repositories.AngajatRepoTest" time="0.0"/>
  <testcase name="findOne" classname="domain.Repositories.AngajatRepoTest" time="0.0"/>
  <testcase name="update" classname="domain.Repositories.AngajatRepoTest" time="0.0"/>
  <testcase name="save" classname="domain.Repositories.AngajatRepoTest" time="0.0"/>
  <testcase name="size" classname="domain.Repositories.AngajatRepoTest" time="0.0"/>
  <system-out><![CDATA[]]></system-out>
  <system-err><![CDATA[]]></system-err>
</testsuite>
