<?xml version="1.0" encoding="UTF-8"?>
<testsuite name="domain.Repositories.ParticipantRepoTest" tests="5" skipped="0" failures="0" errors="0" timestamp="2020-03-20T17:31:57" hostname="Marians-Air" time="0.004">
  <properties/>
  <testcase name="delete" classname="domain.Repositories.ParticipantRepoTest" time="0.002"/>
  <testcase name="findOne" classname="domain.Repositories.ParticipantRepoTest" time="0.0"/>
  <testcase name="update" classname="domain.Repositories.ParticipantRepoTest" time="0.0"/>
  <testcase name="save" classname="domain.Repositories.ParticipantRepoTest" time="0.0"/>
  <testcase name="size" classname="domain.Repositories.ParticipantRepoTest" time="0.0"/>
  <system-out><![CDATA[]]></system-out>
  <system-err><![CDATA[]]></system-err>
</testsuite>
