<?xml version="1.0" encoding="UTF-8"?>
<testsuite name="domain.Repositories.CursaRepoTest" tests="5" skipped="0" failures="0" errors="0" timestamp="2020-03-23T15:03:04" hostname="Marians-Air" time="0.015">
  <properties/>
  <testcase name="delete" classname="domain.Repositories.CursaRepoTest" time="0.001"/>
  <testcase name="findOne" classname="domain.Repositories.CursaRepoTest" time="0.001"/>
  <testcase name="update" classname="domain.Repositories.CursaRepoTest" time="0.001"/>
  <testcase name="save" classname="domain.Repositories.CursaRepoTest" time="0.001"/>
  <testcase name="size" classname="domain.Repositories.CursaRepoTest" time="0.0"/>
  <system-out><![CDATA[]]></system-out>
  <system-err><![CDATA[]]></system-err>
</testsuite>
